# Test: illegal.hex

      Clk#   PC 
         4: 00002000 
         5: 00002004 X10: 00000000
         6: 00002006 
         7: 00002008 X28: 00000000
         8: 0000200c X 5: 00002008
         9: 00002010 X 5: 00001880
        10: 00002014 
        11: 00002016 X10: 00000001
        12: 00002018 X10: 80000000
        13: 00002028 
        14: 0000202c X 5: 00000028
        15: 00002030 X 5: 00000000
        16: 0000204c 
        18: 00002050 
        19: 00002054 X10: 00002000
        20: 00002058 X10: 00001800
        22: 0000205c 
        23: 00002060 X 5: 0000205c
        24: 00002064 X 5: 00002100
        25: 00002068 
        26: 0000206c X10: 00000000
        28: 00002100 
        29: 00002104 X28: 00000002
        30: 00001880 
        31: 00001884 X14: 00000002
        32: 00001886 X15: 00000002
        33: 0000188a 
        34: 0000188e X11: f0000000
        35: 00001892 X15: 00000069
        37: 00001896 
        38: 0000189a X15: 0000006c
        40: 0000189e 
        41: 000018a2 X15: 0000006c
        43: 000018a6 
        44: 000018aa X15: 00000065
        46: 000018ae 
        47: 000018b2 X15: 00000078
        49: 000018b6 
        50: 000018ba X15: 00000063
        52: 000018be 
        53: 000018c0 X15: 0000000a
        55: 000018c4 
        56: 000018c6 X15: 00000008
        57: 000018ca 
        58: 000018cc X15: 00000009
        59: 000018d0 
        60: 000018d2 X15: 0000000b
        61: 000018d6 
        62: 000018da X14: 000028d6
        63: 000018de X14: 00002300
        64: 000018e0 
        65: 00002300 
        66: 00002340 
        67: 00002344 X 6: 00000002
        68: 00002348 X 5: 00000002
        69: 0000234c 
        70: 00002350 X 5: 00002104
        71: 00002354 X 6: 00002350
        72: 00002358 X 6: 00002104
        73: 000023b4 
        74: 000023b8 X 5: 0000210c
        75: 000023bc 
        77: 0000210c 
        78: 00002110 X 5: 00002000
        79: 00002114 X 5: 00001800
        81: 00002118 
        82: 0000211c X 6: 00001000
        83: 00002120 X 6: 00000800
        85: 00002124 
        86: 00002128 X 7: 00001880
        87: 0000212c X 7: 00001800
        88: 0000220c 
        89: 00002210 
        90: 00002214 X11: 00000002
        91: 00002218 X10: 00000000
        92: 00001880 
        93: 00001884 X14: 0000000b
        94: 00001886 X15: 00000002
        95: 000018c4 
        96: 000018c6 X15: 00000008
        97: 000018ca 
        98: 000018cc X15: 00000009
        99: 000018d0 
       100: 000018d2 X15: 0000000b
       101: 000018ee 
       103: 00002500 
       104: 000000f4 
       105: 000000f8 
       106: 000000f8 
